<?xml version="1.0" encoding="UTF-8"?>
<!-- Generated by org.testng.reporters.JUnitReportReporter -->
<testsuite hostname="IN-B1BN2J3" failures="0" tests="1" name="insuranceCalculation_Motorcucle.EndToEndTests_motorcucle" time="12.885" errors="0" timestamp="2023-04-12T17:34:06 IST" skipped="0">
  <testcase classname="insuranceCalculation_Motorcucle.EndToEndTests_motorcucle" name="insuranceCalculate_VolvoMotor" time="12.885"/>
  <system-out/>
</testsuite> <!-- insuranceCalculation_Motorcucle.EndToEndTests_motorcucle -->
